Jan 27, 2014 7:33:10 AM org.apache.catalina.core.AprLifecycleListener init
INFO: The APR based Apache Tomcat Native library which allows optimal performance in production environments was not found on the java.library.path: .:/Users/boushey/Library/Java/Extensions:/Library/Java/Extensions:/System/Library/Java/Extensions:/usr/lib/java
Jan 27, 2014 7:33:11 AM org.apache.coyote.http11.Http11Protocol init
INFO: Initializing Coyote HTTP/1.1 on http-8080
Jan 27, 2014 7:33:11 AM org.apache.catalina.startup.Catalina load
INFO: Initialization processed in 788 ms
Jan 27, 2014 7:33:11 AM org.apache.catalina.core.StandardService start
INFO: Starting service Catalina
Jan 27, 2014 7:33:11 AM org.apache.catalina.core.StandardEngine start
INFO: Starting Servlet Engine: Apache Tomcat/6.0.29
Jan 27, 2014 7:33:11 AM org.apache.catalina.startup.HostConfig deployDescriptor
INFO: Deploying configuration descriptor host-manager.xml
Jan 27, 2014 7:33:11 AM org.apache.catalina.startup.HostConfig deployDescriptor
INFO: Deploying configuration descriptor manager.xml
Jan 27, 2014 7:33:12 AM org.apache.catalina.startup.HostConfig deployDirectory
INFO: Deploying web application directory docs
Jan 27, 2014 7:33:12 AM org.apache.catalina.startup.HostConfig deployDirectory
INFO: Deploying web application directory examples
Jan 27, 2014 7:33:12 AM org.apache.catalina.startup.HostConfig deployDirectory
INFO: Deploying web application directory ROOT
Jan 27, 2014 7:33:12 AM org.apache.catalina.startup.HostConfig deployDirectory
INFO: Deploying web application directory xtf
Jan 27, 2014 7:33:12 AM org.apache.catalina.loader.WebappClassLoader validateJarFile
INFO: validateJarFile(/Users/boushey/bitbucket/datashare/tomcat/webapps/xtf/WEB-INF/lib/servlet.jar) - jar not loaded. See Servlet Spec 2.3, section 9.7.2. Offending class: javax/servlet/Servlet.class
Jan 27, 2014 7:33:12 AM org.apache.coyote.http11.Http11Protocol start
INFO: Starting Coyote HTTP/1.1 on http-8080
Jan 27, 2014 7:33:12 AM org.apache.jk.common.ChannelSocket init
INFO: JK: ajp13 listening on /0.0.0.0:8009
Jan 27, 2014 7:33:12 AM org.apache.jk.server.JkMain start
INFO: Jk running ID=0 time=1/23  config=null
Jan 27, 2014 7:33:12 AM org.apache.catalina.startup.Catalina start
INFO: Server startup in 1350 ms
2014-01-27:07:33:18 
2014-01-27:07:33:18 *** SERVLET RESTART: crossQuery search servlet ***
2014-01-27:07:33:18 
2014-01-27:07:33:18 Log level: info
2014-01-27:07:33:18 Warming index [/Users/boushey/bitbucket/datashare/tomcat/webapps/xtf/index]
2014-01-27:07:33:19 Done.
2014-01-27:07:33:19 Latency: 1877 msec for request: http://localhost:8080/xtf/search
2014-01-27:07:33:23 Latency: 303 msec for request: http://localhost:8080/xtf/search?browse-all=yes
2014-01-27:07:33:26 
2014-01-27:07:33:26 *** SERVLET RESTART: dynaXML dynamic publishing servlet ***
2014-01-27:07:33:26 
2014-01-27:07:33:26 Log level: info
2014-01-27:07:33:26 Latency: 363 msec for request: http://localhost:8080/xtf/view?docId=erc/ark+=b7272=q6bg2kwf/mrt-datacite.xml;query=;brand=default
2014-01-27:07:33:29 Latency: 15 msec for request: http://localhost:8080/xtf/view?docId=erc/ark+=b7272=q6bg2kwf/mrt-datacite.xml&doc.view=citation
Jan 27, 2014 7:48:32 AM org.apache.catalina.core.AprLifecycleListener init
INFO: The APR based Apache Tomcat Native library which allows optimal performance in production environments was not found on the java.library.path: .:/Users/boushey/Library/Java/Extensions:/Library/Java/Extensions:/System/Library/Java/Extensions:/usr/lib/java
Jan 27, 2014 7:48:32 AM org.apache.coyote.http11.Http11Protocol init
SEVERE: Error initializing endpoint
java.net.BindException: Address already in use <null>:8080
	at org.apache.tomcat.util.net.JIoEndpoint.init(JIoEndpoint.java:549)
	at org.apache.coyote.http11.Http11Protocol.init(Http11Protocol.java:176)
	at org.apache.catalina.connector.Connector.initialize(Connector.java:1014)
	at org.apache.catalina.core.StandardService.initialize(StandardService.java:680)
	at org.apache.catalina.core.StandardServer.initialize(StandardServer.java:795)
	at org.apache.catalina.startup.Catalina.load(Catalina.java:524)
	at org.apache.catalina.startup.Catalina.load(Catalina.java:548)
	at sun.reflect.NativeMethodAccessorImpl.invoke0(Native Method)
	at sun.reflect.NativeMethodAccessorImpl.invoke(NativeMethodAccessorImpl.java:39)
	at sun.reflect.DelegatingMethodAccessorImpl.invoke(DelegatingMethodAccessorImpl.java:25)
	at java.lang.reflect.Method.invoke(Method.java:597)
	at org.apache.catalina.startup.Bootstrap.load(Bootstrap.java:261)
	at org.apache.catalina.startup.Bootstrap.main(Bootstrap.java:413)
Caused by: java.net.BindException: Address already in use
	at java.net.PlainSocketImpl.socketBind(Native Method)
	at java.net.PlainSocketImpl.bind(PlainSocketImpl.java:383)
	at java.net.ServerSocket.bind(ServerSocket.java:328)
	at java.net.ServerSocket.<init>(ServerSocket.java:194)
	at java.net.ServerSocket.<init>(ServerSocket.java:150)
	at org.apache.tomcat.util.net.DefaultServerSocketFactory.createSocket(DefaultServerSocketFactory.java:50)
	at org.apache.tomcat.util.net.JIoEndpoint.init(JIoEndpoint.java:538)
	... 12 more
Jan 27, 2014 7:48:32 AM org.apache.catalina.startup.Catalina load
SEVERE: Catalina.start
LifecycleException:  Protocol handler initialization failed: java.net.BindException: Address already in use <null>:8080
	at org.apache.catalina.connector.Connector.initialize(Connector.java:1016)
	at org.apache.catalina.core.StandardService.initialize(StandardService.java:680)
	at org.apache.catalina.core.StandardServer.initialize(StandardServer.java:795)
	at org.apache.catalina.startup.Catalina.load(Catalina.java:524)
	at org.apache.catalina.startup.Catalina.load(Catalina.java:548)
	at sun.reflect.NativeMethodAccessorImpl.invoke0(Native Method)
	at sun.reflect.NativeMethodAccessorImpl.invoke(NativeMethodAccessorImpl.java:39)
	at sun.reflect.DelegatingMethodAccessorImpl.invoke(DelegatingMethodAccessorImpl.java:25)
	at java.lang.reflect.Method.invoke(Method.java:597)
	at org.apache.catalina.startup.Bootstrap.load(Bootstrap.java:261)
	at org.apache.catalina.startup.Bootstrap.main(Bootstrap.java:413)
Jan 27, 2014 7:48:32 AM org.apache.catalina.startup.Catalina load
INFO: Initialization processed in 461 ms
Jan 27, 2014 7:48:32 AM org.apache.catalina.core.StandardService start
INFO: Starting service Catalina
Jan 27, 2014 7:48:32 AM org.apache.catalina.core.StandardEngine start
INFO: Starting Servlet Engine: Apache Tomcat/6.0.29
Jan 27, 2014 7:48:32 AM org.apache.catalina.startup.HostConfig deployDescriptor
INFO: Deploying configuration descriptor host-manager.xml
Jan 27, 2014 7:48:32 AM org.apache.catalina.startup.HostConfig deployDescriptor
INFO: Deploying configuration descriptor manager.xml
Jan 27, 2014 7:48:32 AM org.apache.catalina.startup.HostConfig deployDirectory
INFO: Deploying web application directory docs
Jan 27, 2014 7:48:32 AM org.apache.catalina.startup.HostConfig deployDirectory
INFO: Deploying web application directory examples
Jan 27, 2014 7:48:32 AM org.apache.catalina.startup.HostConfig deployDirectory
INFO: Deploying web application directory ROOT
Jan 27, 2014 7:48:32 AM org.apache.catalina.startup.HostConfig deployDirectory
INFO: Deploying web application directory xtf
Jan 27, 2014 7:48:32 AM org.apache.catalina.loader.WebappClassLoader validateJarFile
INFO: validateJarFile(/Users/boushey/bitbucket/datashare/tomcat/webapps/xtf/WEB-INF/lib/servlet.jar) - jar not loaded. See Servlet Spec 2.3, section 9.7.2. Offending class: javax/servlet/Servlet.class
Jan 27, 2014 7:48:33 AM org.apache.coyote.http11.Http11Protocol start
SEVERE: Error starting endpoint
java.net.BindException: Address already in use <null>:8080
	at org.apache.tomcat.util.net.JIoEndpoint.init(JIoEndpoint.java:549)
	at org.apache.tomcat.util.net.JIoEndpoint.start(JIoEndpoint.java:565)
	at org.apache.coyote.http11.Http11Protocol.start(Http11Protocol.java:203)
	at org.apache.catalina.connector.Connector.start(Connector.java:1087)
	at org.apache.catalina.core.StandardService.start(StandardService.java:534)
	at org.apache.catalina.core.StandardServer.start(StandardServer.java:710)
	at org.apache.catalina.startup.Catalina.start(Catalina.java:581)
	at sun.reflect.NativeMethodAccessorImpl.invoke0(Native Method)
	at sun.reflect.NativeMethodAccessorImpl.invoke(NativeMethodAccessorImpl.java:39)
	at sun.reflect.DelegatingMethodAccessorImpl.invoke(DelegatingMethodAccessorImpl.java:25)
	at java.lang.reflect.Method.invoke(Method.java:597)
	at org.apache.catalina.startup.Bootstrap.start(Bootstrap.java:289)
	at org.apache.catalina.startup.Bootstrap.main(Bootstrap.java:414)
Caused by: java.net.BindException: Address already in use
	at java.net.PlainSocketImpl.socketBind(Native Method)
	at java.net.PlainSocketImpl.bind(PlainSocketImpl.java:383)
	at java.net.ServerSocket.bind(ServerSocket.java:328)
	at java.net.ServerSocket.<init>(ServerSocket.java:194)
	at java.net.ServerSocket.<init>(ServerSocket.java:150)
	at org.apache.tomcat.util.net.DefaultServerSocketFactory.createSocket(DefaultServerSocketFactory.java:50)
	at org.apache.tomcat.util.net.JIoEndpoint.init(JIoEndpoint.java:538)
	... 12 more
Jan 27, 2014 7:48:33 AM org.apache.catalina.startup.Catalina start
SEVERE: Catalina.start: 
LifecycleException:  service.getName(): "Catalina";  Protocol handler start failed: java.net.BindException: Address already in use <null>:8080
	at org.apache.catalina.connector.Connector.start(Connector.java:1094)
	at org.apache.catalina.core.StandardService.start(StandardService.java:534)
	at org.apache.catalina.core.StandardServer.start(StandardServer.java:710)
	at org.apache.catalina.startup.Catalina.start(Catalina.java:581)
	at sun.reflect.NativeMethodAccessorImpl.invoke0(Native Method)
	at sun.reflect.NativeMethodAccessorImpl.invoke(NativeMethodAccessorImpl.java:39)
	at sun.reflect.DelegatingMethodAccessorImpl.invoke(DelegatingMethodAccessorImpl.java:25)
	at java.lang.reflect.Method.invoke(Method.java:597)
	at org.apache.catalina.startup.Bootstrap.start(Bootstrap.java:289)
	at org.apache.catalina.startup.Bootstrap.main(Bootstrap.java:414)
Jan 27, 2014 7:48:33 AM org.apache.catalina.startup.Catalina start
INFO: Server startup in 821 ms
Jan 27, 2014 7:48:33 AM org.apache.catalina.core.StandardServer await
SEVERE: StandardServer.await: create[8005]: 
java.net.BindException: Address already in use
	at java.net.PlainSocketImpl.socketBind(Native Method)
	at java.net.PlainSocketImpl.bind(PlainSocketImpl.java:383)
	at java.net.ServerSocket.bind(ServerSocket.java:328)
	at java.net.ServerSocket.<init>(ServerSocket.java:194)
	at org.apache.catalina.core.StandardServer.await(StandardServer.java:373)
	at org.apache.catalina.startup.Catalina.await(Catalina.java:662)
	at org.apache.catalina.startup.Catalina.start(Catalina.java:614)
	at sun.reflect.NativeMethodAccessorImpl.invoke0(Native Method)
	at sun.reflect.NativeMethodAccessorImpl.invoke(NativeMethodAccessorImpl.java:39)
	at sun.reflect.DelegatingMethodAccessorImpl.invoke(DelegatingMethodAccessorImpl.java:25)
	at java.lang.reflect.Method.invoke(Method.java:597)
	at org.apache.catalina.startup.Bootstrap.start(Bootstrap.java:289)
	at org.apache.catalina.startup.Bootstrap.main(Bootstrap.java:414)
Jan 27, 2014 7:48:33 AM org.apache.coyote.http11.Http11Protocol pause
INFO: Pausing Coyote HTTP/1.1 on http-8080
Jan 27, 2014 7:48:34 AM org.apache.catalina.core.StandardService stop
INFO: Stopping service Catalina
Jan 27, 2014 7:48:34 AM org.apache.catalina.loader.WebappClassLoader clearReferencesThreads
SEVERE: The web application [/host-manager] appears to have started a thread named [Poller SunPKCS11-Darwin] but has failed to stop it. This is very likely to create a memory leak.
Jan 27, 2014 7:48:34 AM org.apache.catalina.connector.MapperListener destroy
WARNING: Error unregistering MBeanServerDelegate
java.lang.NullPointerException
	at org.apache.catalina.connector.MapperListener.destroy(MapperListener.java:176)
	at org.apache.catalina.connector.Connector.stop(Connector.java:1135)
	at org.apache.catalina.core.StandardService.stop(StandardService.java:596)
	at org.apache.catalina.core.StandardServer.stop(StandardServer.java:744)
	at org.apache.catalina.startup.Catalina.stop(Catalina.java:648)
	at org.apache.catalina.startup.Catalina$CatalinaShutdownHook.run(Catalina.java:692)
Jan 27, 2014 7:48:34 AM org.apache.coyote.http11.Http11Protocol destroy
INFO: Stopping Coyote HTTP/1.1 on http-8080
Jan 27, 2014 7:48:34 AM org.apache.catalina.connector.Connector stop
SEVERE: Coyote connector has not been started
Jan 27, 2014 7:48:49 AM org.apache.catalina.core.AprLifecycleListener init
INFO: The APR based Apache Tomcat Native library which allows optimal performance in production environments was not found on the java.library.path: .:/Users/boushey/Library/Java/Extensions:/Library/Java/Extensions:/System/Library/Java/Extensions:/usr/lib/java
Jan 27, 2014 7:48:49 AM org.apache.coyote.http11.Http11Protocol init
INFO: Initializing Coyote HTTP/1.1 on http-8080
Jan 27, 2014 7:48:49 AM org.apache.catalina.startup.Catalina load
INFO: Initialization processed in 454 ms
Jan 27, 2014 7:48:49 AM org.apache.catalina.core.StandardService start
INFO: Starting service Catalina
Jan 27, 2014 7:48:49 AM org.apache.catalina.core.StandardEngine start
INFO: Starting Servlet Engine: Apache Tomcat/6.0.29
Jan 27, 2014 7:48:49 AM org.apache.catalina.startup.HostConfig deployDescriptor
INFO: Deploying configuration descriptor host-manager.xml
Jan 27, 2014 7:48:49 AM org.apache.catalina.startup.HostConfig deployDescriptor
INFO: Deploying configuration descriptor manager.xml
Jan 27, 2014 7:48:49 AM org.apache.catalina.startup.HostConfig deployDirectory
INFO: Deploying web application directory docs
Jan 27, 2014 7:48:49 AM org.apache.catalina.startup.HostConfig deployDirectory
INFO: Deploying web application directory examples
Jan 27, 2014 7:48:50 AM org.apache.catalina.startup.HostConfig deployDirectory
INFO: Deploying web application directory ROOT
Jan 27, 2014 7:48:50 AM org.apache.catalina.startup.HostConfig deployDirectory
INFO: Deploying web application directory xtf
Jan 27, 2014 7:48:50 AM org.apache.catalina.loader.WebappClassLoader validateJarFile
INFO: validateJarFile(/Users/boushey/bitbucket/datashare/tomcat/webapps/xtf/WEB-INF/lib/servlet.jar) - jar not loaded. See Servlet Spec 2.3, section 9.7.2. Offending class: javax/servlet/Servlet.class
Jan 27, 2014 7:48:50 AM org.apache.coyote.http11.Http11Protocol start
INFO: Starting Coyote HTTP/1.1 on http-8080
Jan 27, 2014 7:48:50 AM org.apache.jk.common.ChannelSocket init
INFO: JK: ajp13 listening on /0.0.0.0:8009
Jan 27, 2014 7:48:50 AM org.apache.jk.server.JkMain start
INFO: Jk running ID=0 time=0/25  config=null
Jan 27, 2014 7:48:50 AM org.apache.catalina.startup.Catalina start
INFO: Server startup in 830 ms
2014-01-27:07:48:52 
2014-01-27:07:48:52 *** SERVLET RESTART: crossQuery search servlet ***
2014-01-27:07:48:52 
2014-01-27:07:48:52 Log level: info
2014-01-27:07:48:52 Warming index [/Users/boushey/bitbucket/datashare/tomcat/webapps/xtf/index]
2014-01-27:07:48:53 Done.
2014-01-27:07:48:54 Latency: 1782 msec for request: http://localhost:8080/xtf/search
Mar 4, 2014 9:33:44 AM org.apache.catalina.core.AprLifecycleListener init
INFO: The APR based Apache Tomcat Native library which allows optimal performance in production environments was not found on the java.library.path: .:/Users/boushey/Library/Java/Extensions:/Library/Java/Extensions:/System/Library/Java/Extensions:/usr/lib/java
Mar 4, 2014 9:33:45 AM org.apache.coyote.http11.Http11Protocol init
INFO: Initializing Coyote HTTP/1.1 on http-8080
Mar 4, 2014 9:33:45 AM org.apache.catalina.startup.Catalina load
INFO: Initialization processed in 2067 ms
Mar 4, 2014 9:33:45 AM org.apache.catalina.core.StandardService start
INFO: Starting service Catalina
Mar 4, 2014 9:33:45 AM org.apache.catalina.core.StandardEngine start
INFO: Starting Servlet Engine: Apache Tomcat/6.0.29
Mar 4, 2014 9:33:45 AM org.apache.catalina.startup.HostConfig deployDescriptor
INFO: Deploying configuration descriptor host-manager.xml
Mar 4, 2014 9:33:46 AM org.apache.catalina.startup.HostConfig deployDescriptor
INFO: Deploying configuration descriptor manager.xml
Mar 4, 2014 9:33:46 AM org.apache.catalina.startup.HostConfig deployDirectory
INFO: Deploying web application directory docs
Mar 4, 2014 9:33:46 AM org.apache.catalina.startup.HostConfig deployDirectory
INFO: Deploying web application directory examples
Mar 4, 2014 9:33:47 AM org.apache.catalina.startup.HostConfig deployDirectory
INFO: Deploying web application directory ROOT
Mar 4, 2014 9:33:47 AM org.apache.catalina.startup.HostConfig deployDirectory
INFO: Deploying web application directory xtf
Mar 4, 2014 9:33:48 AM org.apache.catalina.loader.WebappClassLoader validateJarFile
INFO: validateJarFile(/Users/boushey/cdluc3/datashare/tomcat/webapps/xtf/WEB-INF/lib/servlet.jar) - jar not loaded. See Servlet Spec 2.3, section 9.7.2. Offending class: javax/servlet/Servlet.class
Mar 4, 2014 9:33:49 AM org.apache.coyote.http11.Http11Protocol start
INFO: Starting Coyote HTTP/1.1 on http-8080
Mar 4, 2014 9:33:49 AM org.apache.jk.common.ChannelSocket init
INFO: JK: ajp13 listening on /0.0.0.0:8009
Mar 4, 2014 9:33:49 AM org.apache.jk.server.JkMain start
INFO: Jk running ID=0 time=1/68  config=null
Mar 4, 2014 9:33:49 AM org.apache.catalina.startup.Catalina start
INFO: Server startup in 4376 ms
2014-03-04:09:34:01 
2014-03-04:09:34:01 *** SERVLET RESTART: crossQuery search servlet ***
2014-03-04:09:34:01 
2014-03-04:09:34:01 Log level: info
2014-03-04:09:34:03 Warming index [/Users/boushey/cdluc3/datashare/tomcat/webapps/xtf/index]
2014-03-04:09:34:05 Done.
2014-03-04:09:34:06 Latency: 5386 msec for request: http://localhost:8080/xtf/search
2014-03-04:09:34:06 [2] Latency: 42 msec for request: http://localhost:8080/xtf/search
2014-03-04:09:34:09 [2] Latency: 1206 msec for request: http://localhost:8080/xtf/search?browse-all=yes
2014-03-04:09:34:13 [2] Latency: 93 msec for request: http://localhost:8080/xtf/search?browse-all=yes;expand=contributor
2014-03-04:09:34:15 [2] Latency: 191 msec for request: http://localhost:8080/xtf/search?browse-all=yes;expand=keyword
2014-03-04:09:34:16 [2] Latency: 174 msec for request: http://localhost:8080/xtf/search?expand=keyword;f1-contributor=Ibis Reproductive Health
2014-03-04:09:34:18 [2] Latency: 64 msec for request: http://localhost:8080/xtf/search?browse-all=yes
2014-03-04:09:39:16 [2] Latency: 8 msec for request: http://localhost:8080/xtf/search
2014-03-04:09:39:19 [3] Latency: 9 msec for request: http://localhost:8080/xtf/search?smode=aboutPage
2014-03-04:09:39:22 [3] Latency: 7 msec for request: http://localhost:8080/xtf/search?smode=faqPage
2014-03-04:10:07:12 [3] 
2014-03-04:10:07:12 [3] *** SERVLET RESTART: dynaXML dynamic publishing servlet ***
2014-03-04:10:07:12 [3] 
2014-03-04:10:07:12 [3] Log level: info
2014-03-04:10:07:13 [3] Latency: 469 msec for request: http://localhost:8080/xtf/view?docId=erc/ark+=b7272=q6057cv6/mrt-datacite.xml;query=;brand=default
2014-03-04:10:08:06 [3] Latency: 9 msec for request: http://localhost:8080/xtf/search?smode=termsPage
2014-03-04:10:08:12 [3] Latency: 9 msec for request: http://localhost:8080/xtf/search?smode=stepsPage
2014-03-04:10:08:43 [3] Latency: 7 msec for request: http://localhost:8080/xtf/search?smode=stepsPage
2014-03-04:10:08:44 [3] Latency: 8 msec for request: http://localhost:8080/xtf/search?smode=stepsPage
2014-03-04:10:08:45 [3] Latency: 7 msec for request: http://localhost:8080/xtf/search?smode=metadataBasicsPage
2014-03-04:10:08:52 [3] Latency: 9 msec for request: http://localhost:8080/xtf/search?smode=metadataBasicsPage
2014-03-04:10:09:01 [3] Latency: 7 msec for request: http://localhost:8080/xtf/search?smode=dataUseAgreement
2014-03-04:14:45:12 [4] Latency: 6 msec for request: http://localhost:8080/xtf/search
2014-03-04:16:11:01 [4] Latency: 5 msec for request: http://localhost:8080/xtf/search?smode=aboutPage
2014-03-04:16:11:08 [4] Latency: 8 msec for request: http://localhost:8080/xtf/search
2014-03-05:10:37:40 [5] Latency: 8 msec for request: http://localhost:8080/xtf/search
2014-03-18:08:23:29 [3] Latency: 5 msec for request: http://localhost:8080/xtf/search
2014-03-18:10:09:39 [1] Latency: 5 msec for request: http://localhost:8080/xtf/search
2014-03-18:13:38:25 [1] Latency: 7 msec for request: http://localhost:8080/xtf/search
2014-03-21:10:58:39 [3] Latency: 33 msec for request: http://localhost:8080/xtf/search
2014-03-24:09:44:21 [3] Latency: 18 msec for request: http://localhost:8080/xtf/search
2014-03-24:11:23:59 [3] Latency: 7 msec for request: http://localhost:8080/xtf/search
Mar 27, 2014 4:28:42 PM org.apache.coyote.http11.Http11Protocol pause
INFO: Pausing Coyote HTTP/1.1 on http-8080
Mar 27, 2014 4:28:43 PM org.apache.catalina.core.StandardService stop
INFO: Stopping service Catalina
Mar 27, 2014 4:28:45 PM org.apache.catalina.loader.WebappClassLoader clearReferencesThreads
SEVERE: The web application [/host-manager] appears to have started a thread named [Poller SunPKCS11-Darwin] but has failed to stop it. This is very likely to create a memory leak.
Mar 27, 2014 4:28:45 PM org.apache.coyote.http11.Http11Protocol destroy
INFO: Stopping Coyote HTTP/1.1 on http-8080
